[debug] [2021-10-12T03:55:46.206Z] ----------------------------------------------------------------------
[debug] [2021-10-12T03:55:46.208Z] Command:       C:\Program Files\nodejs\node.exe C:\Users\null\AppData\Roaming\npm\node_modules\firebase-tools\lib\bin\firebase.js deploy --only functions
[debug] [2021-10-12T03:55:46.208Z] CLI Version:   9.20.0
[debug] [2021-10-12T03:55:46.208Z] Platform:      win32
[debug] [2021-10-12T03:55:46.208Z] Node Version:  v16.5.0
[debug] [2021-10-12T03:55:46.209Z] Time:          Mon Oct 11 2021 23:55:46 GMT-0400 (Eastern Daylight Time)
[debug] [2021-10-12T03:55:46.209Z] ----------------------------------------------------------------------
[debug] 
[debug] [2021-10-12T03:55:46.245Z] > command requires scopes: ["email","openid","https://www.googleapis.com/auth/cloudplatformprojects.readonly","https://www.googleapis.com/auth/firebase","https://www.googleapis.com/auth/cloud-platform"]
[debug] [2021-10-12T03:55:46.245Z] > authorizing via signed-in user (geektechniquestudios@gmail.com)
[debug] [2021-10-12T03:55:46.246Z] [iam] checking project chesswager-bd3a6 for permissions ["cloudfunctions.functions.create","cloudfunctions.functions.delete","cloudfunctions.functions.get","cloudfunctions.functions.list","cloudfunctions.functions.update","cloudfunctions.operations.get","firebase.projects.get"]
[debug] [2021-10-12T03:55:46.247Z] >>> HTTP REQUEST POST https://cloudresourcemanager.googleapis.com/v1/projects/chesswager-bd3a6:testIamPermissions  
 {"permissions":["cloudfunctions.functions.create","cloudfunctions.functions.delete","cloudfunctions.functions.get","cloudfunctions.functions.list","cloudfunctions.functions.update","cloudfunctions.operations.get","firebase.projects.get"]}
[debug] [2021-10-12T03:55:46.390Z] <<< HTTP RESPONSE 200 {"content-type":"application/json; charset=UTF-8","vary":"X-Origin, Referer, Origin,Accept-Encoding","date":"Tue, 12 Oct 2021 03:55:45 GMT","server":"ESF","cache-control":"private","x-xss-protection":"0","x-frame-options":"SAMEORIGIN","x-content-type-options":"nosniff","server-timing":"gfet4t7; dur=88","alt-svc":"h3=\":443\"; ma=2592000,h3-29=\":443\"; ma=2592000,h3-T051=\":443\"; ma=2592000,h3-Q050=\":443\"; ma=2592000,h3-Q046=\":443\"; ma=2592000,h3-Q043=\":443\"; ma=2592000,quic=\":443\"; ma=2592000; v=\"46,43\"","accept-ranges":"none","transfer-encoding":"chunked"}
[debug] [2021-10-12T03:55:46.391Z] >>> HTTP REQUEST POST https://iam.googleapis.com/v1/projects/chesswager-bd3a6/serviceAccounts/chesswager-bd3a6@appspot.gserviceaccount.com:testIamPermissions  
 {"permissions":["iam.serviceAccounts.actAs"]}
[debug] [2021-10-12T03:55:46.511Z] <<< HTTP RESPONSE 200 {"content-type":"application/json; charset=UTF-8","vary":"X-Origin, Referer, Origin,Accept-Encoding","date":"Tue, 12 Oct 2021 03:55:45 GMT","server":"ESF","cache-control":"private","x-xss-protection":"0","x-frame-options":"SAMEORIGIN","x-content-type-options":"nosniff","alt-svc":"h3=\":443\"; ma=2592000,h3-29=\":443\"; ma=2592000,h3-T051=\":443\"; ma=2592000,h3-Q050=\":443\"; ma=2592000,h3-Q046=\":443\"; ma=2592000,h3-Q043=\":443\"; ma=2592000,quic=\":443\"; ma=2592000; v=\"46,43\"","accept-ranges":"none","transfer-encoding":"chunked"}
[info] 
[info] === Deploying to 'chesswager-bd3a6'...
[info] 
[info] i  deploying functions 
[info] Running command: npm run build
